<?xml version="1.0" encoding="UTF-8"?>
<testsuite name="org.hyperledger.fabric.samples.assettransfer.AssetTransferTest" tests="2" skipped="0" failures="0" errors="0" timestamp="2023-06-27T05:38:43" hostname="creativehillui-iMac.local" time="0.699">
  <properties/>
  <testcase name="invokeInitLedgerTransaction()" classname="org.hyperledger.fabric.samples.assettransfer.AssetTransferTest" time="0.627"/>
  <testcase name="invokeUnknownTransaction()" classname="org.hyperledger.fabric.samples.assettransfer.AssetTransferTest" time="0.071"/>
  <system-out><![CDATA[]]></system-out>
  <system-err><![CDATA[]]></system-err>
</testsuite>
